0 info it worked if it ends with ok
1 verbose cli [ 'D:\\Program Files\\nodejs\\node.exe',
1 verbose cli   'D:\\Program Files\\nodejs\\node_modules\\npm\\bin\\npm-cli.js',
1 verbose cli   'run',
1 verbose cli   'test' ]
2 info using npm@4.1.2
3 info using node@v7.7.3
4 verbose run-script [ 'pretest', 'test', 'posttest' ]
5 info lifecycle koa2-request@1.0.1~pretest: koa2-request@1.0.1
6 silly lifecycle koa2-request@1.0.1~pretest: no script for pretest, continuing
7 info lifecycle koa2-request@1.0.1~test: koa2-request@1.0.1
8 verbose lifecycle koa2-request@1.0.1~test: unsafe-perm in lifecycle true
9 verbose lifecycle koa2-request@1.0.1~test: PATH: D:\Program Files\nodejs\node_modules\npm\bin\node-gyp-bin;C:\Users\Administrator\Documents\GitHub\koa2-request\node_modules\.bin;C:\ProgramData\Oracle\Java\javapath;d:\Program Files\ImageMagick-7.0.5-Q16;C:\Ruby23\bin;d:\program files\graphicsmagick-1.3.25-q16;D:\Python27\;D:\Python27\Scripts;d:\Ruby23-x64\bin;C:\Windows\system32;C:\Windows;C:\Windows\System32\Wbem;C:\Windows\System32\WindowsPowerShell\v1.0\;D:\Program Files\VisualSVN Server\bin;D:\TortoiseSVN\bin;D:\Program Files\nodejs\;D:\Program Files\Git\cmd;D:\APICloud Studio 2\resources\app\apm\bin;C:\Program Files (x86)\Yarn\bin;D:\gradle\bin;D:\Android\sdk\platform-tools;C:\Program Files\Java\jdk1.8.0_151\bin;D:\APICloud Studio2\resources\cli;D:\Program Files\MongoDB\Server\3.4\bin;C:\Program Files (x86)\apache-maven-3.5.2-bin\apache-maven-3.5.2\bin;d:\Users\Administrator\bin\Sencha\Cmd;C:\Users\Administrator\AppData\Local\Microsoft\WindowsApps;C:\Users\Administrator\AppData\Roaming\npm;C:\Users\Administrator\AppData\Local\Yarn\bin
10 verbose lifecycle koa2-request@1.0.1~test: CWD: C:\Users\Administrator\Documents\GitHub\koa2-request
11 silly lifecycle koa2-request@1.0.1~test: Args: [ '/d /s /c', './example/example.js' ]
12 silly lifecycle koa2-request@1.0.1~test: Returned: code: 1  signal: null
13 info lifecycle koa2-request@1.0.1~test: Failed to exec test script
14 verbose stack Error: koa2-request@1.0.1 test: `./example/example.js`
14 verbose stack Exit status 1
14 verbose stack     at EventEmitter.<anonymous> (D:\Program Files\nodejs\node_modules\npm\lib\utils\lifecycle.js:279:16)
14 verbose stack     at emitTwo (events.js:106:13)
14 verbose stack     at EventEmitter.emit (events.js:194:7)
14 verbose stack     at ChildProcess.<anonymous> (D:\Program Files\nodejs\node_modules\npm\lib\utils\spawn.js:40:14)
14 verbose stack     at emitTwo (events.js:106:13)
14 verbose stack     at ChildProcess.emit (events.js:194:7)
14 verbose stack     at maybeClose (internal/child_process.js:899:16)
14 verbose stack     at Process.ChildProcess._handle.onexit (internal/child_process.js:226:5)
15 verbose pkgid koa2-request@1.0.1
16 verbose cwd C:\Users\Administrator\Documents\GitHub\koa2-request
17 error Windows_NT 10.0.14393
18 error argv "D:\\Program Files\\nodejs\\node.exe" "D:\\Program Files\\nodejs\\node_modules\\npm\\bin\\npm-cli.js" "run" "test"
19 error node v7.7.3
20 error npm  v4.1.2
21 error code ELIFECYCLE
22 error koa2-request@1.0.1 test: `./example/example.js`
22 error Exit status 1
23 error Failed at the koa2-request@1.0.1 test script './example/example.js'.
23 error Make sure you have the latest version of node.js and npm installed.
23 error If you do, this is most likely a problem with the koa2-request package,
23 error not with npm itself.
23 error Tell the author that this fails on your system:
23 error     ./example/example.js
23 error You can get information on how to open an issue for this project with:
23 error     npm bugs koa2-request
23 error Or if that isn't available, you can get their info via:
23 error     npm owner ls koa2-request
23 error There is likely additional logging output above.
24 verbose exit [ 1, true ]
